2025-03-04 05:37:32 - 
=== Current Status ===
2025-03-04 05:37:32 - Error: LOG.md is missing
2025-03-04 05:37:32 - Error: .cursor/rules/0project.mdc is missing
2025-03-04 05:37:32 - [ 832]  .
├── [  64]  .benchmarks
├── [  96]  .cursor
│   └── [  96]  rules
│       └── [1.5K]  filetree.mdc
├── [  96]  .github
│   └── [ 128]  workflows
│       ├── [2.7K]  push.yml
│       └── [1.4K]  release.yml
├── [3.5K]  .gitignore
├── [ 532]  .pre-commit-config.yaml
├── [  96]  .specstory
│   └── [ 128]  history
│       ├── [2.7K]  .what-is-this.md
│       └── [578K]  2025-03-04_03-16-comprehensive-plan-for-opero-package-implementation.md
├── [2.4K]  CHANGELOG.md
├── [ 160]  CLEANUP.txt
├── [1.0K]  LICENSE
├── [9.5K]  README.md
├── [2.5K]  TODO.md
├── [ 12K]  cleanup.py
├── [  96]  dist
│   └── [   0]  .gitkeep
├── [ 426]  package.toml
├── [6.1K]  pyproject.toml
├── [ 160]  src
│   ├── [  64]  .benchmarks
│   └── [ 448]  opero
│       ├── [1.1K]  __init__.py
│       ├── [ 130]  _version.py
│       ├── [9.9K]  concurrency.py
│       ├── [9.5K]  core.py
│       ├── [3.1K]  decorators.py
│       ├── [ 564]  exceptions.py
│       ├── [1.6K]  opero.py
│       ├── [4.0K]  rate_limit.py
│       ├── [7.8K]  retry.py
│       └── [1.9K]  utils.py
├── [ 192]  tests
│   ├── [4.2K]  test_core.py
│   ├── [4.1K]  test_decorators.py
│   └── [ 139]  test_package.py
├── [ 54K]  twat_search.txt
└── [109K]  uv.lock

13 directories, 31 files

2025-03-04 05:37:32 - 
Project structure:
2025-03-04 05:37:32 - [ 832]  .
├── [  64]  .benchmarks
├── [  96]  .cursor
│   └── [  96]  rules
│       └── [1.5K]  filetree.mdc
├── [  96]  .github
│   └── [ 128]  workflows
│       ├── [2.7K]  push.yml
│       └── [1.4K]  release.yml
├── [3.5K]  .gitignore
├── [ 532]  .pre-commit-config.yaml
├── [  96]  .specstory
│   └── [ 128]  history
│       ├── [2.7K]  .what-is-this.md
│       └── [578K]  2025-03-04_03-16-comprehensive-plan-for-opero-package-implementation.md
├── [2.4K]  CHANGELOG.md
├── [ 160]  CLEANUP.txt
├── [1.0K]  LICENSE
├── [9.5K]  README.md
├── [2.5K]  TODO.md
├── [ 12K]  cleanup.py
├── [  96]  dist
│   └── [   0]  .gitkeep
├── [ 426]  package.toml
├── [6.1K]  pyproject.toml
├── [ 160]  src
│   ├── [  64]  .benchmarks
│   └── [ 448]  opero
│       ├── [1.1K]  __init__.py
│       ├── [ 130]  _version.py
│       ├── [9.9K]  concurrency.py
│       ├── [9.5K]  core.py
│       ├── [3.1K]  decorators.py
│       ├── [ 564]  exceptions.py
│       ├── [1.6K]  opero.py
│       ├── [4.0K]  rate_limit.py
│       ├── [7.8K]  retry.py
│       └── [1.9K]  utils.py
├── [ 192]  tests
│   ├── [4.2K]  test_core.py
│   ├── [4.1K]  test_decorators.py
│   └── [ 139]  test_package.py
├── [ 54K]  twat_search.txt
└── [109K]  uv.lock

13 directories, 31 files

2025-03-04 05:37:32 - On branch main
Your branch is up to date with 'origin/main'.

Changes not staged for commit:
  (use "git add <file>..." to update what will be committed)
  (use "git restore <file>..." to discard changes in working directory)
	modified:   .github/workflows/push.yml
	modified:   .github/workflows/release.yml
	modified:   .pre-commit-config.yaml
	modified:   LICENSE
	modified:   README.md
	modified:   dist/.gitkeep
	modified:   package.toml
	modified:   pyproject.toml
	modified:   src/opero/opero.py
	modified:   tests/test_package.py

Untracked files:
  (use "git add <file>..." to include in what will be committed)
	.cursor/
	.specstory/
	CHANGELOG.md
	CLEANUP.txt
	TODO.md
	cleanup.py
	src/opero/__init__.py
	src/opero/_version.py
	src/opero/concurrency.py
	src/opero/core.py
	src/opero/decorators.py
	src/opero/exceptions.py
	src/opero/rate_limit.py
	src/opero/retry.py
	src/opero/utils.py
	tests/test_core.py
	tests/test_decorators.py
	twat_search.txt
	uv.lock

no changes added to commit (use "git add" and/or "git commit -a")

2025-03-04 05:37:32 - On branch main
Your branch is up to date with 'origin/main'.

Changes not staged for commit:
  (use "git add <file>..." to update what will be committed)
  (use "git restore <file>..." to discard changes in working directory)
	modified:   .github/workflows/push.yml
	modified:   .github/workflows/release.yml
	modified:   .pre-commit-config.yaml
	modified:   LICENSE
	modified:   README.md
	modified:   dist/.gitkeep
	modified:   package.toml
	modified:   pyproject.toml
	modified:   src/opero/opero.py
	modified:   tests/test_package.py

Untracked files:
  (use "git add <file>..." to include in what will be committed)
	.cursor/
	.specstory/
	CHANGELOG.md
	CLEANUP.txt
	TODO.md
	cleanup.py
	src/opero/__init__.py
	src/opero/_version.py
	src/opero/concurrency.py
	src/opero/core.py
	src/opero/decorators.py
	src/opero/exceptions.py
	src/opero/rate_limit.py
	src/opero/retry.py
	src/opero/utils.py
	tests/test_core.py
	tests/test_decorators.py
	twat_search.txt
	uv.lock

no changes added to commit (use "git add" and/or "git commit -a")

2025-03-04 05:37:32 - 
=== Environment Status ===
2025-03-04 05:37:32 - Setting up virtual environment
2025-03-04 05:37:32 - Virtual environment created and activated
2025-03-04 05:37:32 - Installing package with all extras
2025-03-04 05:37:32 - Setting up virtual environment
2025-03-04 05:37:32 - Virtual environment created and activated
2025-03-04 05:37:32 - Package installed successfully
2025-03-04 05:37:32 - Running code quality checks
2025-03-04 05:37:32 - >>> Running code fixes...
2025-03-04 05:37:32 - src/opero/core.py:170:15: C901 `execute` is too complex (11 > 10)
    |
168 |         self.logger = self.config.logger or logger
169 |
170 |     async def execute(self, func: Callable[..., R], *args: Any, **kwargs: Any) -> R:
    |               ^^^^^^^ C901
171 |         """
172 |         Execute a function with retries, rate limiting, and fallbacks.
    |

src/opero/core.py:170:15: PLR0912 Too many branches (14 > 12)
    |
168 |         self.logger = self.config.logger or logger
169 |
170 |     async def execute(self, func: Callable[..., R], *args: Any, **kwargs: Any) -> R:
    |               ^^^^^^^ PLR0912
171 |         """
172 |         Execute a function with retries, rate limiting, and fallbacks.
    |

src/opero/core.py:196:33: B023 Function definition does not bind loop variable `fallback_func`
    |
194 |                         ) -> Any:
195 |                             return await retry_async(
196 |                                 fallback_func, *a, config=self.config.retry_config, **kw
    |                                 ^^^^^^^^^^^^^ B023
197 |                             )
    |

src/opero/core.py:204:33: B023 Function definition does not bind loop variable `fallback_func`
    |
202 |                         def retry_wrapped_sync_fallback(*a: Any, **kw: Any) -> Any:
203 |                             return retry_sync(
204 |                                 fallback_func, *a, config=self.config.retry_config, **kw
    |                                 ^^^^^^^^^^^^^ B023
205 |                             )
    |

src/opero/retry.py:84:5: PLR0913 Too many arguments in function definition (6 > 5)
   |
84 | def with_retry(
   |     ^^^^^^^^^^ PLR0913
85 |     *,  # Force keyword arguments
86 |     max_attempts: int = 3,
   |

Found 5 errors.

2025-03-04 05:37:32 - 1 file reformatted, 12 files left unchanged

2025-03-04 05:37:32 - >>>Running type checks...
2025-03-04 05:37:33 - >>> Running tests...
2025-03-04 05:37:36 - ============================= test session starts ==============================
platform darwin -- Python 3.12.8, pytest-8.3.5, pluggy-1.5.0 -- /Users/adam/Developer/vcs/github.twardoch/pub/opero/.venv/bin/python
cachedir: .pytest_cache
rootdir: /Users/adam/Developer/vcs/github.twardoch/pub/opero
configfile: pyproject.toml
plugins: cov-6.0.0, asyncio-0.25.3
asyncio: mode=Mode.AUTO, asyncio_default_fixture_loop_scope=None
collecting ... collected 16 items

tests/test_core.py::test_fallback_chain_success PASSED                   [  6%]
tests/test_core.py::test_fallback_chain_fallback 
-------------------------------- live log call ---------------------------------
WARNING  opero.core:core.py:126 Primary function failed: Failed for value: 1
PASSED                                                                   [ 12%]
tests/test_core.py::test_fallback_chain_all_fail 
-------------------------------- live log call ---------------------------------
WARNING  opero.core:core.py:126 Primary function failed: Failed for value: 1
WARNING  opero.core:core.py:140 Fallback 1 failed: Failed for value: 1
ERROR    opero.core:core.py:144 All fallbacks failed
PASSED                                                                   [ 18%]
tests/test_core.py::test_fallback_chain_sync_function 
-------------------------------- live log call ---------------------------------
WARNING  opero.core:core.py:126 Primary function failed: Sync Failed for value: 1
PASSED                                                                   [ 25%]
tests/test_core.py::test_orchestrator_execute_success PASSED             [ 31%]
tests/test_core.py::test_orchestrator_execute_fallback 
-------------------------------- live log call ---------------------------------
WARNING  opero.core:core.py:126 Primary function failed: Failed for value: 1
PASSED                                                                   [ 37%]
tests/test_core.py::test_orchestrator_process FAILED                     [ 43%]
tests/test_core.py::test_orchestrator_process_with_concurrency FAILED    [ 50%]
tests/test_core.py::test_orchestrator_with_retry 
-------------------------------- live log call ---------------------------------
WARNING  opero.retry:retry.py:229 Attempt 1 failed: First attempt
PASSED                                                                   [ 56%]
tests/test_decorators.py::test_orchestrate_decorator_basic PASSED        [ 62%]
tests/test_decorators.py::test_orchestrate_decorator_fallback 
-------------------------------- live log call ---------------------------------
WARNING  opero.core:core.py:126 Primary function failed: Failed for value: 1
PASSED                                                                   [ 68%]
tests/test_decorators.py::test_orchestrate_decorator_retry 
-------------------------------- live log call ---------------------------------
WARNING  opero.retry:retry.py:229 Attempt 1 failed: First attempt
PASSED                                                                   [ 75%]
tests/test_decorators.py::test_orchestrate_decorator_process PASSED      [ 81%]
tests/test_decorators.py::test_orchestrate_decorator_with_concurrency PASSED [ 87%]
tests/test_decorators.py::test_orchestrate_decorator_with_sync_function PASSED [ 93%]
tests/test_package.py::test_version PASSED                               [100%]

=================================== FAILURES ===================================
__________________________ test_orchestrator_process ___________________________

    @pytest.mark.asyncio
    async def test_orchestrator_process():
        """Test that the Orchestrator.process method applies the function to each item in a list."""
        config = OrchestratorConfig(fallbacks=[async_process_fallback])
        orchestrator = Orchestrator(config=config)
        results = await orchestrator.process([async_process_success], 1, 2, 3)
>       assert results == ["Success: 1", "Success: 2", "Success: 3"]
E       AssertionError: assert ['Success: (1, 2, 3)'] == ['Success: 1'... 'Success: 3']
E         
E         At index 0 diff: 'Success: (1, 2, 3)' != 'Success: 1'
E         Right contains 2 more items, first extra item: 'Success: 2'
E         
E         Full diff:
E           [
E         -     'Success: 1',...
E         
E         ...Full output truncated (5 lines hidden), use '-vv' to show

tests/test_core.py:113: AssertionError
__________________ test_orchestrator_process_with_concurrency __________________

    @pytest.mark.asyncio
    async def test_orchestrator_process_with_concurrency():
        """Test that the Orchestrator.process method works with concurrency limits."""
        config = OrchestratorConfig(
            fallbacks=[async_process_fallback],
            concurrency_config=ConcurrencyConfig(limit=2),
        )
        orchestrator = Orchestrator(config=config)
        results = await orchestrator.process([async_process_success], 1, 2, 3)
>       assert results == ["Success: 1", "Success: 2", "Success: 3"]
E       AssertionError: assert ['Success: (1, 2, 3)'] == ['Success: 1'... 'Success: 3']
E         
E         At index 0 diff: 'Success: (1, 2, 3)' != 'Success: 1'
E         Right contains 2 more items, first extra item: 'Success: 2'
E         
E         Full diff:
E           [
E         -     'Success: 1',...
E         
E         ...Full output truncated (5 lines hidden), use '-vv' to show

tests/test_core.py:125: AssertionError
============================= slowest 10 durations =============================
1.00s call     tests/test_core.py::test_orchestrator_with_retry
1.00s call     tests/test_decorators.py::test_orchestrate_decorator_retry
0.16s call     tests/test_core.py::test_fallback_chain_success

(7 durations < 0.005s hidden.  Use -vv to show these durations.)
=========================== short test summary info ============================
FAILED tests/test_core.py::test_orchestrator_process - AssertionError: assert...
FAILED tests/test_core.py::test_orchestrator_process_with_concurrency - Asser...
========================= 2 failed, 14 passed in 2.51s =========================

2025-03-04 05:37:36 - All checks completed
2025-03-04 05:37:36 - 
=== TODO.md ===
2025-03-04 05:37:36 - ---
this_file: TODO.md
---

# Opero: TODO List

This document outlines the remaining tasks for the Opero project.

## Core Functionality

- [ ] Improve error handling in `retry_async` function to properly handle coroutine objects
- [ ] Fix type compatibility issues in async/sync conversions
- [ ] Ensure proper execution of individual functions in the `process` method
- [ ] Implement proper handling of `AllFailedError` in all fallback scenarios
- [ ] Add comprehensive logging throughout the codebase
- [ ] Optimize retry logic for better performance

## Testing

- [ ] Add more unit tests for edge cases in retry mechanism
- [ ] Create integration tests for complex scenarios combining multiple features
- [ ] Add performance benchmarks for key operations
- [ ] Implement stress tests for concurrency and rate limiting
- [ ] Add tests for multiprocessing with different backends

## Documentation

- [ ] Create comprehensive API documentation with Sphinx
- [ ] Add more usage examples for common patterns
- [ ] Document best practices for error handling
- [ ] Create tutorials for advanced use cases
- [ ] Add docstrings to all public functions and classes

## Features

- [ ] Implement middleware support for function transformation
- [ ] Add metrics collection for performance monitoring
- [ ] Create a CLI interface using `fire` and `rich`
- [ ] Add support for distributed task queues
- [ ] Implement streaming support with backpressure handling

## Infrastructure

- [ ] Set up CI/CD pipeline for automated testing and deployment
- [ ] Configure code coverage reporting
- [ ] Add pre-commit hooks for code quality
- [ ] Create GitHub Actions workflow for publishing to PyPI
- [ ] Set up automated dependency updates

## Optimization

- [ ] Profile and optimize critical paths
- [ ] Reduce memory usage for large-scale operations
- [ ] Optimize concurrency management for high-throughput scenarios
- [ ] Improve serialization for multiprocessing
- [ ] Minimize overhead in the orchestration layer

## Compatibility

- [ ] Ensure compatibility with Python 3.8+
- [ ] Test with different versions of dependencies
- [ ] Add explicit support for asyncio event loop policies
- [ ] Ensure thread safety for shared resources
- [ ] Test on different operating systems

## Next Release (v0.2.0) Priorities

1. [ ] Fix all linter errors in the codebase
2. [ ] Complete the test suite with 90%+ coverage
3. [ ] Improve error handling and type compatibility
4. [ ] Add comprehensive logging
5. [ ] Create proper API documentation
6. [ ] Optimize performance for high-throughput scenarios 
2025-03-04 05:37:36 -  M .github/workflows/push.yml
 M .github/workflows/release.yml
 M .pre-commit-config.yaml
 M LICENSE
 M README.md
 M dist/.gitkeep
 M package.toml
 M pyproject.toml
 M src/opero/opero.py
 M tests/test_package.py
?? .cursor/
?? .specstory/
?? CHANGELOG.md
?? CLEANUP.txt
?? TODO.md
?? cleanup.py
?? src/opero/__init__.py
?? src/opero/_version.py
?? src/opero/concurrency.py
?? src/opero/core.py
?? src/opero/decorators.py
?? src/opero/exceptions.py
?? src/opero/rate_limit.py
?? src/opero/retry.py
?? src/opero/utils.py
?? tests/test_core.py
?? tests/test_decorators.py
?? twat_search.txt
?? uv.lock

2025-03-04 05:37:36 - Changes detected in repository
2025-03-04 05:37:38 - ruff.....................................................................Passed
ruff-format..............................................................Passed
trim trailing whitespace.................................................Passed
fix end of files.........................................................Passed
check yaml...............................................................Passed
check toml...............................................................Passed
check for added large files..............................................Passed
debug statements (python)................................................Passed
check for case conflicts.................................................Passed
mixed line ending........................................................Passed

2025-03-04 05:37:39 - [main e5e7356] Update repository files
 30 files changed, 22280 insertions(+), 55 deletions(-)
 create mode 100644 .cursor/rules/filetree.mdc
 create mode 100644 .specstory/history/.what-is-this.md
 create mode 100644 .specstory/history/2025-03-04_03-16-comprehensive-plan-for-opero-package-implementation.md
 create mode 100644 CHANGELOG.md
 create mode 100644 CLEANUP.txt
 create mode 100644 TODO.md
 create mode 100755 cleanup.py
 create mode 100644 src/opero/__init__.py
 create mode 100644 src/opero/_version.py
 create mode 100644 src/opero/concurrency.py
 create mode 100644 src/opero/core.py
 create mode 100644 src/opero/decorators.py
 create mode 100644 src/opero/exceptions.py
 create mode 100644 src/opero/rate_limit.py
 create mode 100644 src/opero/retry.py
 create mode 100644 src/opero/utils.py
 create mode 100644 tests/test_core.py
 create mode 100644 tests/test_decorators.py
 create mode 100644 twat_search.txt
 create mode 100644 uv.lock

2025-03-04 05:37:39 - Changes committed successfully
2025-03-04 05:37:40 - 
📦 Repomix v0.2.29

No custom config found at repomix.config.json or global config at /Users/adam/.config/repomix/repomix.config.json.
You can add a config file for additional settings. Please check https://github.com/yamadashy/repomix for more information.
⠙ Collecting files...
[2K[1A[2K[G⠹ Collecting files...
[2K[1A[2K[G⠸ Collecting files...
[2K[1A[2K[G⠼ Running security check...
[2K[1A[2K[G⠴ Running security check... (7/25) src/opero/core.py
[2K[1A[2K[G⠦ Processing files...
[2K[1A[2K[G⠧ Processing file... (3/25) .github/workflows/release.yml
[2K[1A[2K[G⠇ Writing output file...
[2K[1A[2K[G⠏ Calculating metrics...
[2K[1A[2K[G⠋ Calculating metrics...
[2K[1A[2K[G⠙ Calculating metrics...
[2K[1A[2K[G⠹ Calculating metrics...
[2K[1A[2K[G⠸ Calculating metrics... (6/25) src/opero/concurrency.py
[2K[1A[2K[G✔ Packing completed successfully!

📈 Top 5 Files by Character Count and Token Count:
──────────────────────────────────────────────────
1.  README.md (9,695 chars, 2,229 tokens)
2.  pyproject.toml (6,227 chars, 1,972 tokens)
3.  cleanup.py (5,538 chars, 1,254 tokens)
4.  .gitignore (3,633 chars, 1,391 tokens)
5.  .github/workflows/push.yml (2,741 chars, 707 tokens)

🔎 Security Check:
──────────────────
✔ No suspicious files detected.

📊 Pack Summary:
────────────────
  Total Files: 25 files
  Total Chars: 54,792 chars
 Total Tokens: 13,859 tokens
       Output: twat_search.txt
     Security: ✔ No suspicious files detected

🎉 All Done!
Your repository has been successfully packed.

💡 Repomix is now available in your browser! Try it at https://repomix.com

2025-03-04 05:37:40 - Repository content mixed into twat_search.txt
